<?xml version="1.0" encoding="UTF-8"?>
<!-- Generated by org.testng.reporters.JUnitReportReporter -->
<testsuite hostname="LAPTOP-QEHP96FC" failures="0" tests="1" name="com.rameshsoft.testanalysis.TestDemo" time="14.602" errors="0" timestamp="4 Jun 2021 14:16:34 GMT">
  <testcase classname="com.rameshsoft.testanalysis.TestDemo" name="test" time="14.602"/>
</testsuite> <!-- com.rameshsoft.testanalysis.TestDemo -->
